<?xml version="1.0" encoding="UTF-8"?>
<testng-results ignored="0" total="1" passed="1" failed="0" skipped="0">
  <reporter-output>
  </reporter-output>
  <suite started-at="2024-04-06T20:54:43 IST" name="Default suite" finished-at="2024-04-06T20:54:43 IST" duration-ms="96">
    <groups>
    </groups>
    <test started-at="2024-04-06T20:54:43 IST" name="Default test" finished-at="2024-04-06T20:54:43 IST" duration-ms="96">
      <class name="testng_keywords.Annotations_Flow">
        <test-method is-config="true" signature="bs()[pri:0, instance:testng_keywords.Annotations_Flow@644baf4a]" started-at="2024-04-06T20:54:43 IST" name="bs" finished-at="2024-04-06T20:54:43 IST" duration-ms="23" status="PASS">
          <reporter-output>
          </reporter-output>
        </test-method> <!-- bs -->
        <test-method is-config="true" signature="bc()[pri:0, instance:testng_keywords.Annotations_Flow@644baf4a]" started-at="2024-04-06T20:54:43 IST" name="bc" finished-at="2024-04-06T20:54:43 IST" duration-ms="1" status="PASS">
          <reporter-output>
          </reporter-output>
        </test-method> <!-- bc -->
        <test-method is-config="true" signature="bm()[pri:0, instance:testng_keywords.Annotations_Flow@644baf4a]" started-at="2024-04-06T20:54:43 IST" name="bm" finished-at="2024-04-06T20:54:43 IST" duration-ms="1" status="PASS">
          <reporter-output>
          </reporter-output>
        </test-method> <!-- bm -->
        <test-method signature="mainTC()[pri:0, instance:testng_keywords.Annotations_Flow@644baf4a]" started-at="2024-04-06T20:54:43 IST" name="mainTC" finished-at="2024-04-06T20:54:43 IST" duration-ms="9" status="PASS">
          <reporter-output>
          </reporter-output>
        </test-method> <!-- mainTC -->
        <test-method is-config="true" signature="am()[pri:0, instance:testng_keywords.Annotations_Flow@644baf4a]" started-at="2024-04-06T20:54:43 IST" name="am" finished-at="2024-04-06T20:54:43 IST" duration-ms="1" status="PASS">
          <reporter-output>
          </reporter-output>
        </test-method> <!-- am -->
        <test-method is-config="true" signature="ac()[pri:0, instance:testng_keywords.Annotations_Flow@644baf4a]" started-at="2024-04-06T20:54:43 IST" name="ac" finished-at="2024-04-06T20:54:43 IST" duration-ms="1" status="PASS">
          <reporter-output>
          </reporter-output>
        </test-method> <!-- ac -->
        <test-method is-config="true" signature="as()[pri:0, instance:testng_keywords.Annotations_Flow@644baf4a]" started-at="2024-04-06T20:54:43 IST" name="as" finished-at="2024-04-06T20:54:43 IST" duration-ms="2" status="PASS">
          <reporter-output>
          </reporter-output>
        </test-method> <!-- as -->
      </class> <!-- testng_keywords.Annotations_Flow -->
    </test> <!-- Default test -->
  </suite> <!-- Default suite -->
</testng-results>
